Using pre-set license
Built from '2020.3/release' branch; Version is '2020.3.15f2 (6cf78cb77498) revision 7141260'; Using compiler version '192528614'; Build Type 'Release'
OS: 'Windows 10 Pro; OS build 19042.1110; Version 2009; 64bit' Language: 'es' Physical Memory: 14246 MB
BatchMode: 1, IsHumanControllingUs: 0, StartBugReporterOnCrash: 0, Is64bit: 1, IsPro: 0

 COMMAND LINE ARGUMENTS:
P:\2020.3.15f2\Editor\Unity.exe
-adb2
-batchMode
-noUpm
-name
AssetImportWorker0
-projectPath
R:/Learn_unity/Seccion 1/PrimeroPasos
-logFile
Logs/AssetImportWorker0.log
-srvPort
59168
Successfully changed project path to: R:/Learn_unity/Seccion 1/PrimeroPasos
R:/Learn_unity/Seccion 1/PrimeroPasos
Using Asset Import Pipeline V2.
Refreshing native plugins compatible for Editor in 29.17 ms, found 2 plugins.
Preloading 0 native plugins for Editor in 0.00 ms.
Initialize engine version: 2020.3.15f2 (6cf78cb77498)
[Subsystems] Discovering subsystems at path P:/2020.3.15f2/Editor/Data/Resources/UnitySubsystems
[Subsystems] Discovering subsystems at path R:/Learn_unity/Seccion 1/PrimeroPasos/Assets
GfxDevice: creating device client; threaded=0
Direct3D:
    Version:  Direct3D 11.0 [level 11.1]
    Renderer: Intel(R) HD Graphics 4600 (ID=0x412)
    Vendor:   
    VRAM:     2048 MB
    Driver:   20.19.15.5126
Initialize mono
Mono path[0] = 'P:/2020.3.15f2/Editor/Data/Managed'
Mono path[1] = 'P:/2020.3.15f2/Editor/Data/MonoBleedingEdge/lib/mono/unityjit'
Mono config path = 'P:/2020.3.15f2/Editor/Data/MonoBleedingEdge/etc'
Using monoOptions --debugger-agent=transport=dt_socket,embedding=1,server=y,suspend=n,address=127.0.0.1:56776
Begin MonoManager ReloadAssembly
Registering precompiled unity dll's ...
Register platform support module: P:/2020.3.15f2/Editor/Data/PlaybackEngines/WindowsStandaloneSupport/UnityEditor.WindowsStandalone.Extensions.dll
Registered in 0.001876 seconds.
Native extension for WindowsStandalone target not found
Refreshing native plugins compatible for Editor in 30.62 ms, found 2 plugins.
Preloading 0 native plugins for Editor in 0.00 ms.
Mono: successfully reloaded assembly
- Completed reload, in  1.090 seconds
Domain Reload Profiling:
	ReloadAssembly (1091ms)
		BeginReloadAssembly (58ms)
			ExecutionOrderSort (0ms)
			DisableScriptedObjects (0ms)
			BackupInstance (0ms)
			ReleaseScriptingObjects (0ms)
			CreateAndSetChildDomain (1ms)
		EndReloadAssembly (564ms)
			LoadAssemblies (56ms)
			RebuildTransferFunctionScriptingTraits (0ms)
			SetupTypeCache (269ms)
			ReleaseScriptCaches (0ms)
			RebuildScriptCaches (36ms)
			SetupLoadedEditorAssemblies (181ms)
				LogAssemblyErrors (0ms)
				InitializePlatformSupportModulesInManaged (4ms)
				SetLoadedEditorAssemblies (0ms)
				RefreshPlugins (31ms)
				BeforeProcessingInitializeOnLoad (17ms)
				ProcessInitializeOnLoadAttributes (97ms)
				ProcessInitializeOnLoadMethodAttributes (32ms)
				AfterProcessingInitializeOnLoad (0ms)
				EditorAssembliesLoaded (0ms)
			ExecutionOrderSort2 (0ms)
			AwakeInstancesAfterBackupRestoration (0ms)
Platform modules already initialized, skipping
Registering precompiled user dll's ...
Registered in 0.002699 seconds.
Begin MonoManager ReloadAssembly
Native extension for WindowsStandalone target not found
Refreshing native plugins compatible for Editor in 0.38 ms, found 2 plugins.
Preloading 0 native plugins for Editor in 0.00 ms.
Mono: successfully reloaded assembly
- Completed reload, in  1.300 seconds
Domain Reload Profiling:
	ReloadAssembly (1300ms)
		BeginReloadAssembly (161ms)
			ExecutionOrderSort (0ms)
			DisableScriptedObjects (5ms)
			BackupInstance (0ms)
			ReleaseScriptingObjects (0ms)
			CreateAndSetChildDomain (24ms)
		EndReloadAssembly (1076ms)
			LoadAssemblies (92ms)
			RebuildTransferFunctionScriptingTraits (0ms)
			SetupTypeCache (321ms)
			ReleaseScriptCaches (0ms)
			RebuildScriptCaches (51ms)
			SetupLoadedEditorAssemblies (491ms)
				LogAssemblyErrors (0ms)
				InitializePlatformSupportModulesInManaged (5ms)
				SetLoadedEditorAssemblies (0ms)
				RefreshPlugins (0ms)
				BeforeProcessingInitializeOnLoad (80ms)
				ProcessInitializeOnLoadAttributes (398ms)
				ProcessInitializeOnLoadMethodAttributes (5ms)
				AfterProcessingInitializeOnLoad (2ms)
				EditorAssembliesLoaded (0ms)
			ExecutionOrderSort2 (0ms)
			AwakeInstancesAfterBackupRestoration (8ms)
Platform modules already initialized, skipping
========================================================================
Worker process is ready to serve import requests
Launched and connected shader compiler UnityShaderCompiler.exe after 0.08 seconds
Refreshing native plugins compatible for Editor in 0.39 ms, found 2 plugins.
Preloading 0 native plugins for Editor in 0.00 ms.
Unloading 1398 Unused Serialized files (Serialized files now loaded: 0)
System memory in use before: 65.1 MB.
System memory in use after: 65.1 MB.

Unloading 19 unused Assets to reduce memory usage. Loaded Objects now: 1830.
Total: 3.250500 ms (FindLiveObjects: 0.336200 ms CreateObjectMapping: 0.264800 ms MarkObjects: 2.547200 ms  DeleteObjects: 0.100800 ms)

AssetImportParameters requested are different than current active one (requested -> active):
  custom:framework-win-MediaFoundation: 216162199b28c13a410421893ffa2e32 -> 
  custom:video-decoder-ogg-theora: a1e56fd34408186e4bbccfd4996cb3dc -> 
  custom:container-muxer-webm: aa71ff27fc2769a1b78a27578f13a17b -> 
  custom:container-demuxer-webm: 4f35f7cbe854078d1ac9338744f61a02 -> 
  custom:container-demuxer-ogg: 62fdf1f143b41e24485cea50d1cbac27 -> 
  custom:video-encoder-webm-vp8: eb34c28f22e8b96e1ab97ce403110664 -> 
  custom:video-decoder-webm-vp8: 9c59270c3fd7afecdb556c50c9e8de78 -> 
  custom:audio-decoder-ogg-vorbis: bf7c407c2cedff20999df2af8eb42d56 -> 
  custom:audio-encoder-webm-vorbis: bf7c407c2cedff20999df2af8eb42d56 -> 
========================================================================
Received Import Request.
  path: Assets/Scenes
  artifactKey: Guid(869fa689bdd96fb41bedd45b273c08b0) Importer(815301076,1909f56bfc062723c751e8b465ee728b)
Start importing Assets/Scenes using Guid(869fa689bdd96fb41bedd45b273c08b0) Importer(815301076,1909f56bfc062723c751e8b465ee728b)  -> (artifact id: '52ff9308916b8276a5478ab2b32896d2') in 0.009624 seconds 
  Import took 0.012412 seconds .

========================================================================
Received Import Request.
  Time since last request: 0.000282 seconds.
  path: Assets/Scenes/SampleScene.unity
  artifactKey: Guid(9fc0d4010bbf28b4594072e72b8655ab) Importer(815301076,1909f56bfc062723c751e8b465ee728b)
Start importing Assets/Scenes/SampleScene.unity using Guid(9fc0d4010bbf28b4594072e72b8655ab) Importer(815301076,1909f56bfc062723c751e8b465ee728b)  -> (artifact id: '85059f4f9e1a832ed95adaa0d25c5c4c') in 0.015239 seconds 
  Import took 0.022567 seconds .

========================================================================
Received Import Request.
  Time since last request: 33.375337 seconds.
  path: Assets/Scenes/SampleScene.unity
  artifactKey: Guid(9fc0d4010bbf28b4594072e72b8655ab) Importer(815301076,1909f56bfc062723c751e8b465ee728b)
Start importing Assets/Scenes/SampleScene.unity using Guid(9fc0d4010bbf28b4594072e72b8655ab) Importer(815301076,1909f56bfc062723c751e8b465ee728b)  -> (artifact id: '6b0ff1ef5cf6dba1ce89a43fc08b5422') in 0.024881 seconds 
  Import took 0.039115 seconds .

========================================================================
Received Import Request.
  Time since last request: 19.569353 seconds.
  path: Assets/Material
  artifactKey: Guid(de39231ac20cf664c8445da7c72eca35) Importer(815301076,1909f56bfc062723c751e8b465ee728b)
Start importing Assets/Material using Guid(de39231ac20cf664c8445da7c72eca35) Importer(815301076,1909f56bfc062723c751e8b465ee728b)  -> (artifact id: '992f6a0bee14dfe017862ed7bb231444') in 0.009395 seconds 
  Import took 0.012814 seconds .

========================================================================
Received Import Request.
  Time since last request: 3.918719 seconds.
  path: Assets/Material/Metal.mat
  artifactKey: Guid(106b4929ab7ea7f4786f2de7ce4cb7ca) Importer(815301076,1909f56bfc062723c751e8b465ee728b)
Start importing Assets/Material/Metal.mat using Guid(106b4929ab7ea7f4786f2de7ce4cb7ca) Importer(815301076,1909f56bfc062723c751e8b465ee728b)  -> (artifact id: '8d36374750191d4421ddcf9a3181c271') in 0.118999 seconds 
  Import took 0.122436 seconds .

========================================================================
Received Import Request.
  Time since last request: 0.000254 seconds.
  path: Assets/Material/OpaqueBlack.mat
  artifactKey: Guid(af4b2fbb6c5c8af4aa1a9a6576b6d1cb) Importer(815301076,1909f56bfc062723c751e8b465ee728b)
Start importing Assets/Material/OpaqueBlack.mat using Guid(af4b2fbb6c5c8af4aa1a9a6576b6d1cb) Importer(815301076,1909f56bfc062723c751e8b465ee728b)  -> (artifact id: '39fb911c8d911c25b15f2151201b131c') in 0.023215 seconds 
  Import took 0.026001 seconds .

========================================================================
Received Import Request.
  Time since last request: 0.000258 seconds.
  path: Assets/Material/OpaqueBlue.mat
  artifactKey: Guid(9d943a7faa613cd4ca8cfeecf4fe48d6) Importer(815301076,1909f56bfc062723c751e8b465ee728b)
Start importing Assets/Material/OpaqueBlue.mat using Guid(9d943a7faa613cd4ca8cfeecf4fe48d6) Importer(815301076,1909f56bfc062723c751e8b465ee728b)  -> (artifact id: '45afba6b13d19e2163492abdb3da5c62') in 0.035953 seconds 
  Import took 0.045033 seconds .

========================================================================
Received Import Request.
  Time since last request: 0.000072 seconds.
  path: Assets/Material/OpaqueGreen.mat
  artifactKey: Guid(5cf1f7cd76324424d8c107949cc812ca) Importer(815301076,1909f56bfc062723c751e8b465ee728b)
Start importing Assets/Material/OpaqueGreen.mat using Guid(5cf1f7cd76324424d8c107949cc812ca) Importer(815301076,1909f56bfc062723c751e8b465ee728b)  -> (artifact id: 'e31762b0f639ae1aa36ab8af81a7133f') in 0.021353 seconds 
  Import took 0.055821 seconds .

========================================================================
Received Import Request.
  Time since last request: 0.000173 seconds.
  path: Assets/Material/OpaqueBlackGreen.mat
  artifactKey: Guid(2d88e076a7864ca4db55b281142af26c) Importer(815301076,1909f56bfc062723c751e8b465ee728b)
Start importing Assets/Material/OpaqueBlackGreen.mat using Guid(2d88e076a7864ca4db55b281142af26c) Importer(815301076,1909f56bfc062723c751e8b465ee728b)  -> (artifact id: 'ab7017154c201fc941261ba22b87b383') in 0.021344 seconds 
  Import took 0.025917 seconds .

========================================================================
Received Import Request.
  Time since last request: 0.000329 seconds.
  path: Assets/Material/PaintMetallic_YELLOW.mat
  artifactKey: Guid(2726cce109032c2449390c5378ef2cd6) Importer(815301076,1909f56bfc062723c751e8b465ee728b)
Start importing Assets/Material/PaintMetallic_YELLOW.mat using Guid(2726cce109032c2449390c5378ef2cd6) Importer(815301076,1909f56bfc062723c751e8b465ee728b)  -> (artifact id: 'ef3d3795ca408cf1004a8642323240f6') in 0.021994 seconds 
  Import took 0.027999 seconds .

========================================================================
Received Import Request.
  Time since last request: 0.000175 seconds.
  path: Assets/Material/Path.mat
  artifactKey: Guid(cf7cbd6bd3bf99046a2ecf28acc1d2f3) Importer(815301076,1909f56bfc062723c751e8b465ee728b)
Start importing Assets/Material/Path.mat using Guid(cf7cbd6bd3bf99046a2ecf28acc1d2f3) Importer(815301076,1909f56bfc062723c751e8b465ee728b)  -> (artifact id: '22732a7a26dbd4dffcc1c29d0defd5f0') in 0.024883 seconds 
  Import took 0.029778 seconds .

========================================================================
Received Import Request.
  Time since last request: 0.000407 seconds.
  path: Assets/Material/PaintMetallic_RED.mat
  artifactKey: Guid(f3df78f94062bb243b93c5b18a87659c) Importer(815301076,1909f56bfc062723c751e8b465ee728b)
Start importing Assets/Material/PaintMetallic_RED.mat using Guid(f3df78f94062bb243b93c5b18a87659c) Importer(815301076,1909f56bfc062723c751e8b465ee728b)  -> (artifact id: '04596ee3c5ae8c9f8faf48d2d8c24aa8') in 0.023548 seconds 
  Import took 0.027520 seconds .

========================================================================
Received Import Request.
  Time since last request: 29.172232 seconds.
  path: Assets/Prefap
  artifactKey: Guid(1c88527e6c617b6458f9037f81cfc4c4) Importer(815301076,1909f56bfc062723c751e8b465ee728b)
Start importing Assets/Prefap using Guid(1c88527e6c617b6458f9037f81cfc4c4) Importer(815301076,1909f56bfc062723c751e8b465ee728b)  -> (artifact id: 'd992e028e04c4c03fc230ec9ea266a73') in 0.010821 seconds 
  Import took 0.043786 seconds .

========================================================================
Received Import Request.
  Time since last request: 3.956683 seconds.
  path: Assets/Prefap/Car.prefab
  artifactKey: Guid(f9ca66a16b0f0b448844d600a6e7f3b1) Importer(815301076,1909f56bfc062723c751e8b465ee728b)
Start importing Assets/Prefap/Car.prefab using Guid(f9ca66a16b0f0b448844d600a6e7f3b1) Importer(815301076,1909f56bfc062723c751e8b465ee728b)  -> (artifact id: '97aee8a5ff6aef3cf1ea8c53ebfa98b6') in 0.042224 seconds 
  Import took 0.055262 seconds .

========================================================================
Received Import Request.
  Time since last request: 0.000264 seconds.
  path: Assets/Prefap/lampPost_two.prefab
  artifactKey: Guid(093a3b5e95a1562469d132c0760e4758) Importer(815301076,1909f56bfc062723c751e8b465ee728b)
Start importing Assets/Prefap/lampPost_two.prefab using Guid(093a3b5e95a1562469d132c0760e4758) Importer(815301076,1909f56bfc062723c751e8b465ee728b)  -> (artifact id: '479ca153de800a78cd350a22447a3972') in 0.016801 seconds 
  Import took 0.019928 seconds .

========================================================================
Received Import Request.
  Time since last request: 0.000674 seconds.
  path: Assets/Prefap/lampPost_one.prefab
  artifactKey: Guid(078e0e60b0e4bcb4c9ee7bd974321c22) Importer(815301076,1909f56bfc062723c751e8b465ee728b)
Start importing Assets/Prefap/lampPost_one.prefab using Guid(078e0e60b0e4bcb4c9ee7bd974321c22) Importer(815301076,1909f56bfc062723c751e8b465ee728b)  -> (artifact id: '9c581d1545c15cd88bd2412715e75fcb') in 0.017153 seconds 
  Import took 0.020870 seconds .

========================================================================
Received Import Request.
  Time since last request: 0.000250 seconds.
  path: Assets/Prefap/Player(ObtacleCourse).prefab
  artifactKey: Guid(73983c8cdfa1fd74388f50d1a9e496c1) Importer(815301076,1909f56bfc062723c751e8b465ee728b)
Start importing Assets/Prefap/Player(ObtacleCourse).prefab using Guid(73983c8cdfa1fd74388f50d1a9e496c1) Importer(815301076,1909f56bfc062723c751e8b465ee728b)  -> (artifact id: 'd760dd9c1b39ef52ac04c9353603395e') in 0.018096 seconds 
  Import took 0.020944 seconds .

========================================================================
Received Import Request.
  Time since last request: 28.991908 seconds.
  path: Assets/Material/Wheels.mat
  artifactKey: Guid(af4b2fbb6c5c8af4aa1a9a6576b6d1cb) Importer(815301076,1909f56bfc062723c751e8b465ee728b)
Start importing Assets/Material/Wheels.mat using Guid(af4b2fbb6c5c8af4aa1a9a6576b6d1cb) Importer(815301076,1909f56bfc062723c751e8b465ee728b)  -> (artifact id: 'b58a010e8e782a024632948d4d8330e5') in 0.024713 seconds 
  Import took 0.031707 seconds .

========================================================================
Received Import Request.
  Time since last request: 17.078501 seconds.
  path: Assets/Material/Paint_RED.mat
  artifactKey: Guid(f3df78f94062bb243b93c5b18a87659c) Importer(815301076,1909f56bfc062723c751e8b465ee728b)
Start importing Assets/Material/Paint_RED.mat using Guid(f3df78f94062bb243b93c5b18a87659c) Importer(815301076,1909f56bfc062723c751e8b465ee728b)  -> (artifact id: 'e0327fab3c51d1d7477f9729ae8ae795') in 0.029011 seconds 
  Import took 0.032363 seconds .

========================================================================
Received Import Request.
  Time since last request: 18.296201 seconds.
  path: Assets/Material/RedCarPaint.mat
  artifactKey: Guid(f3df78f94062bb243b93c5b18a87659c) Importer(815301076,1909f56bfc062723c751e8b465ee728b)
Start importing Assets/Material/RedCarPaint.mat using Guid(f3df78f94062bb243b93c5b18a87659c) Importer(815301076,1909f56bfc062723c751e8b465ee728b)  -> (artifact id: '8c58f5faaa55a68cddf06a5c555a6fc3') in 0.025969 seconds 
  Import took 0.029304 seconds .

AssetImportWorkerClient::OnTransportError - code=2 error=End of file
